<?xml version="1.0" encoding="UTF-8"?>
<!-- Generated by org.testng.reporters.JUnitReportReporter -->
<testsuite skipped="0" hostname="CLDmamanrique01" name="Test.Tests" tests="5" failures="0" timestamp="24 Oct 2018 20:45:23 GMT" time="505.998" errors="0">
  <testcase name="dataDrivenMinAssigneeInfoNoStateProjection" time="108.580" classname="Test.Tests"/>
  <testcase name="dataDrivenMinAssigneeInfoNoStateProjection" time="126.539" classname="Test.Tests"/>
  <testcase name="dataDrivenMinAssigneeInfoNoStateProjection" time="68.209" classname="Test.Tests"/>
  <testcase name="dataDrivenMinAssigneeInfoNoStateProjection" time="75.696" classname="Test.Tests"/>
  <testcase name="dataDrivenMinAssigneeInfoNoStateProjection" time="126.974" classname="Test.Tests"/>
</testsuite> <!-- Test.Tests -->
