<?xml version="1.0" encoding="UTF-8"?>
<!-- Generated by org.testng.reporters.JUnitReportReporter -->
<testsuite skipped="0" hostname="CLDmamanrique01" name="Test.TestsDataDriven" tests="2" failures="0" timestamp="21 Nov 2018 15:46:42 GMT" time="86.013" errors="0">
  <testcase name="minAssigneeInfoDependentProjection" time="33.433" classname="Test.TestsDataDriven"/>
  <testcase name="minAssigneeInfoDependentProjection" time="52.580" classname="Test.TestsDataDriven"/>
</testsuite> <!-- Test.TestsDataDriven -->
