<?xml version="1.0" encoding="UTF-8"?>
<!-- Generated by org.testng.reporters.JUnitReportReporter -->
<testsuite skipped="0" hostname="CLDmamanrique01" name="Test.Tests" tests="1" failures="0" timestamp="21 Nov 2018 15:16:41 GMT" time="95.413" errors="0">
  <testcase name="maxAssigneeInfoNoStateProjection" time="95.413" classname="Test.Tests"/>
</testsuite> <!-- Test.Tests -->
