<?xml version="1.0" encoding="UTF-8"?>
<!-- Generated by org.testng.reporters.JUnitReportReporter -->
<testsuite skipped="0" hostname="CLDmamanrique01" name="Test.Tests" tests="1" failures="0" timestamp="18 Oct 2018 16:54:02 GMT" time="38.005" errors="0">
  <testcase name="maxAssigneeInfoState" time="38.005" classname="Test.Tests"/>
</testsuite> <!-- Test.Tests -->
