<?xml version="1.0" encoding="UTF-8"?>
<!-- Generated by org.testng.reporters.JUnitReportReporter -->
<testsuite skipped="0" hostname="CLDmamanrique01" name="Test.Tests" tests="10" failures="0" timestamp="26 Oct 2018 14:38:06 GMT" time="488.176" errors="0">
  <testcase name="maxAssigneeInfoStateProjection" time="50.926" classname="Test.Tests"/>
  <testcase name="minAssigneeInfoStateProjection" time="41.620" classname="Test.Tests"/>
  <testcase name="minAssigneeInfoDependentProjection" time="36.074" classname="Test.Tests"/>
  <testcase name="maxAssigneeInfoStateWorksheet" time="45.222" classname="Test.Tests"/>
  <testcase name="minAssigneeInfoNoStateProjection" time="38.089" classname="Test.Tests"/>
  <testcase name="maxAssigneeInfoNoStateProjeection" time="48.020" classname="Test.Tests"/>
  <testcase name="minAssigneeInfoStateWorksheet" time="94.565" classname="Test.Tests"/>
  <testcase name="maxAssigneeInfoNoStateWorksheet" time="45.441" classname="Test.Tests"/>
  <testcase name="minAssigneeInfoDependentWorksheet" time="42.804" classname="Test.Tests"/>
  <testcase name="minAssigneeInfoNoStateWorksheet" time="45.415" classname="Test.Tests"/>
</testsuite> <!-- Test.Tests -->
