<?xml version="1.0" encoding="UTF-8"?>
<!-- Generated by org.testng.reporters.JUnitReportReporter -->
<testsuite skipped="0" hostname="CLDmamanrique01" name="Test.Tests" tests="10" failures="0" timestamp="22 Oct 2018 18:52:29 GMT" time="605.476" errors="0">
  <testcase name="minAssigneeInfoNoStateProjection" time="96.504" classname="Test.Tests"/>
  <testcase name="maxAssigneeInfoStateProjection" time="50.653" classname="Test.Tests"/>
  <testcase name="maxAssigneeInfoStateWorksheet" time="52.336" classname="Test.Tests"/>
  <testcase name="minAssigneeInfoStateProjection" time="42.521" classname="Test.Tests"/>
  <testcase name="minAssigneeInfoDependentWorksheet" time="69.920" classname="Test.Tests"/>
  <testcase name="maxAssigneeInfoNoStateProjeection" time="98.566" classname="Test.Tests"/>
  <testcase name="minAssigneeInfoNoStateWorksheet" time="42.347" classname="Test.Tests"/>
  <testcase name="minAssigneeInfoStateWorksheet" time="53.698" classname="Test.Tests"/>
  <testcase name="maxAssigneeInfoNoStateWorksheet" time="56.540" classname="Test.Tests"/>
  <testcase name="minAssigneeInfoDependentProjection" time="42.391" classname="Test.Tests"/>
</testsuite> <!-- Test.Tests -->
